<?xml version="1.0" encoding="UTF-8"?>
<!-- Generated by org.testng.reporters.JUnitXMLReporter -->
<testsuite ignored="0" hostname="ARP-459" failures="0" tests="4" name="Default test" time="3.812" errors="0" timestamp="2023-05-30T13:32:24 PKT">
  <testcase classname="sauceDemo.tests.CreateOrderTest" name="VerifyLogin" time="0.331"/>
  <testcase classname="sauceDemo.tests.CreateOrderTest" name="VerifyAddingItemIntoCart" time="0.12"/>
  <testcase classname="sauceDemo.tests.CreateOrderTest" name="VerifyCheckoutFromCart" time="0.06"/>
  <testcase classname="sauceDemo.tests.CreateOrderTest" name="VerifyOrderConfirmation" time="0.34"/>
</testsuite> <!-- Default test -->
