<?xml version="1.0" encoding="UTF-8"?>
<!-- Generated by org.testng.reporters.JUnitXMLReporter -->
<testsuite ignored="0" hostname="ARP-459" failures="0" tests="4" name="SMoke" time="3.885" errors="0" timestamp="2023-05-30T01:11:59 PKT">
  <testcase classname="sauceDemo.tests.CreateOrderTest" name="VerifyLogin" time="0.318"/>
  <testcase classname="sauceDemo.tests.CreateOrderTest" name="VerifyAddingItemIntoCart" time="0.118"/>
  <testcase classname="sauceDemo.tests.CreateOrderTest" name="VerifyCheckoutFromCart" time="0.059"/>
  <testcase classname="sauceDemo.tests.CreateOrderTest" name="VerifyOrderConfirmation" time="0.346"/>
</testsuite> <!-- SMoke -->
