<?xml version="1.0" encoding="UTF-8"?>
<testng-results ignored="0" total="4" passed="4" failed="0" skipped="0">
  <reporter-output>
  </reporter-output>
  <suite started-at="2023-05-30T13:32:20 PKT" name="Default suite" finished-at="2023-05-30T13:32:24 PKT" duration-ms="3812">
    <groups>
    </groups>
    <test started-at="2023-05-30T13:32:20 PKT" name="Default test" finished-at="2023-05-30T13:32:24 PKT" duration-ms="3812">
      <class name="sauceDemo.tests.CreateOrderTest">
        <test-method is-config="true" signature="launchApplication()[pri:0, instance:sauceDemo.tests.CreateOrderTest@31c7528f]" started-at="2023-05-30T13:32:20 PKT" name="launchApplication" finished-at="2023-05-30T13:32:23 PKT" duration-ms="2734" status="PASS">
          <reporter-output>
          </reporter-output>
        </test-method> <!-- launchApplication -->
        <test-method signature="VerifyLogin()[pri:0, instance:sauceDemo.tests.CreateOrderTest@31c7528f]" started-at="2023-05-30T13:32:23 PKT" name="VerifyLogin" finished-at="2023-05-30T13:32:24 PKT" duration-ms="331" status="PASS">
          <reporter-output>
          </reporter-output>
        </test-method> <!-- VerifyLogin -->
        <test-method signature="VerifyAddingItemIntoCart()[pri:0, instance:sauceDemo.tests.CreateOrderTest@31c7528f]" started-at="2023-05-30T13:32:24 PKT" name="VerifyAddingItemIntoCart" finished-at="2023-05-30T13:32:24 PKT" depends-on-methods="sauceDemo.tests.CreateOrderTest.VerifyLogin" duration-ms="120" status="PASS">
          <reporter-output>
          </reporter-output>
        </test-method> <!-- VerifyAddingItemIntoCart -->
        <test-method signature="VerifyCheckoutFromCart()[pri:0, instance:sauceDemo.tests.CreateOrderTest@31c7528f]" started-at="2023-05-30T13:32:24 PKT" name="VerifyCheckoutFromCart" finished-at="2023-05-30T13:32:24 PKT" depends-on-methods="sauceDemo.tests.CreateOrderTest.VerifyAddingItemIntoCart" duration-ms="60" status="PASS">
          <reporter-output>
          </reporter-output>
        </test-method> <!-- VerifyCheckoutFromCart -->
        <test-method signature="VerifyOrderConfirmation()[pri:0, instance:sauceDemo.tests.CreateOrderTest@31c7528f]" started-at="2023-05-30T13:32:24 PKT" name="VerifyOrderConfirmation" finished-at="2023-05-30T13:32:24 PKT" depends-on-methods="sauceDemo.tests.CreateOrderTest.VerifyCheckoutFromCart" duration-ms="340" status="PASS">
          <reporter-output>
          </reporter-output>
        </test-method> <!-- VerifyOrderConfirmation -->
        <test-method is-config="true" signature="closeBrowser()[pri:0, instance:sauceDemo.tests.CreateOrderTest@31c7528f]" started-at="2023-05-30T13:32:24 PKT" name="closeBrowser" finished-at="2023-05-30T13:32:24 PKT" duration-ms="121" status="PASS">
          <reporter-output>
          </reporter-output>
        </test-method> <!-- closeBrowser -->
      </class> <!-- sauceDemo.tests.CreateOrderTest -->
    </test> <!-- Default test -->
  </suite> <!-- Default suite -->
</testng-results>
