<?xml version="1.0" encoding="UTF-8"?>
<!-- Generated by org.testng.reporters.JUnitXMLReporter -->
<testsuite ignored="0" hostname="ARP-459" failures="0" tests="4" name="Test" time="3.777" errors="0" timestamp="2023-05-30T11:31:01 PKT">
  <testcase classname="sauceDemo.tests.CreateOrderTest" name="VerifyLogin" time="0.315"/>
  <testcase classname="sauceDemo.tests.CreateOrderTest" name="VerifyAddingItemIntoCart" time="0.154"/>
  <testcase classname="sauceDemo.tests.CreateOrderTest" name="VerifyCheckoutFromCart" time="0.066"/>
  <testcase classname="sauceDemo.tests.CreateOrderTest" name="VerifyOrderConfirmation" time="0.327"/>
</testsuite> <!-- Test -->
